<?xml version="1.0" encoding="UTF-8"?>
<!-- Generated by org.testng.reporters.JUnitXMLReporter -->
<testsuite ignored="0" hostname="Rahuls-MacBook-Air.local" failures="0" tests="6" name="Test" time="53.745" errors="0" timestamp="22 Jun 2021 09:04:23 GMT">
  <testcase classname="com.org.tests.AmazonReviewTest" name="validateEditReview" time="10.096"/>
  <testcase classname="com.org.tests.AmazonReviewTest" name="validateDataProvider" time="2.789"/>
  <testcase classname="com.org.tests.AmazonReviewTest" name="validateAddReviewWithImage" time="11.17"/>
  <testcase classname="com.org.tests.AmazonReviewTest" name="validateAddReviewWithUnwantedImage" time="11.646"/>
  <testcase classname="com.org.tests.AmazonReviewTest" name="validatesortingReview" time="6.489"/>
  <testcase classname="com.org.tests.AmazonReviewTest" name="validateStoreReviewData" time="1.506"/>
</testsuite> <!-- Test -->
