<?xml version="1.0" encoding="UTF-8"?>
<!-- Generated by org.testng.reporters.JUnitXMLReporter -->
<testsuite ignored="0" hostname="Rahuls-MacBook-Air.local" failures="0" tests="6" name="Test" time="56.545" errors="0" timestamp="23 Jun 2021 06:38:03 GMT">
  <testcase classname="com.org.tests.AmazonReviewTest" name="validateEditReview" time="10.937"/>
  <testcase classname="com.org.tests.AmazonReviewTest" name="validateDataProvider" time="3.079"/>
  <testcase classname="com.org.tests.AmazonReviewTest" name="validateAddReviewWithImage" time="11.79"/>
  <testcase classname="com.org.tests.AmazonReviewTest" name="validateAddReviewWithUnwantedImage" time="11.854"/>
  <testcase classname="com.org.tests.AmazonReviewTest" name="validatesortingReview" time="6.665"/>
  <testcase classname="com.org.tests.AmazonReviewTest" name="validateStoreReviewData" time="1.376"/>
</testsuite> <!-- Test -->
