<?xml version="1.0" encoding="UTF-8"?>
<testng-results ignored="0" total="6" passed="6" failed="0" skipped="0">
  <reporter-output>
  </reporter-output>
  <suite started-at="2021-06-23T06:37:06Z" name="Suite" finished-at="2021-06-23T06:38:03Z" duration-ms="56545">
    <groups>
    </groups>
    <test started-at="2021-06-23T06:37:06Z" name="Test" finished-at="2021-06-23T06:38:03Z" duration-ms="56545">
      <class name="com.org.tests.AmazonReviewTest">
        <test-method is-config="true" signature="generateExtentReport()[pri:0, instance:com.org.tests.AmazonReviewTest@6a6afff2]" started-at="2021-06-23T06:37:06Z" name="generateExtentReport" finished-at="2021-06-23T06:37:06Z" duration-ms="472" status="PASS">
          <reporter-output>
          </reporter-output>
        </test-method> <!-- generateExtentReport -->
        <test-method is-config="true" signature="setUp(java.lang.String)[pri:0, instance:com.org.tests.AmazonReviewTest@6a6afff2]" started-at="2021-06-23T06:37:06Z" name="setUp" finished-at="2021-06-23T06:37:15Z" duration-ms="8707" status="PASS">
          <params>
            <param index="0">
              <value>
                <![CDATA[https://www.amazon.in/ref=nav_logo]]>
              </value>
            </param>
          </params>
          <reporter-output>
          </reporter-output>
        </test-method> <!-- setUp -->
        <test-method is-config="true" signature="AmazonReview()[pri:0, instance:com.org.tests.AmazonReviewTest@6a6afff2]" started-at="2021-06-23T06:37:15Z" name="AmazonReview" finished-at="2021-06-23T06:37:15Z" duration-ms="115" status="PASS">
          <reporter-output>
          </reporter-output>
        </test-method> <!-- AmazonReview -->
        <test-method signature="validateEditReview(java.lang.String)[pri:2, instance:com.org.tests.AmazonReviewTest@6a6afff2]" started-at="2021-06-23T06:37:15Z" name="validateEditReview" finished-at="2021-06-23T06:37:26Z" duration-ms="10937" status="PASS">
          <params>
            <param index="0">
              <value>
                <![CDATA[https://www.amazon.in/review/create-review/?asin=B07YDFQ5D5&channel=unknownChannel-thankyou&ref_=ryp_hz_thnk_l_23]]>
              </value>
            </param>
          </params>
          <reporter-output>
          </reporter-output>
        </test-method> <!-- validateEditReview -->
        <test-method is-config="true" signature="AmazonReview()[pri:0, instance:com.org.tests.AmazonReviewTest@6a6afff2]" started-at="2021-06-23T06:37:28Z" name="AmazonReview" finished-at="2021-06-23T06:37:28Z" duration-ms="1" status="PASS">
          <reporter-output>
          </reporter-output>
        </test-method> <!-- AmazonReview -->
        <test-method signature="validateDataProvider(java.lang.String, java.lang.String, java.lang.String, java.lang.String)[pri:3, instance:com.org.tests.AmazonReviewTest@6a6afff2]" started-at="2021-06-23T06:37:28Z" name="validateDataProvider" data-provider="excel-data" finished-at="2021-06-23T06:37:31Z" duration-ms="3079" status="PASS">
          <params>
            <param index="0">
              <value>
                <![CDATA[rahul1]]>
              </value>
            </param>
            <param index="1">
              <value>
                <![CDATA[singh1]]>
              </value>
            </param>
            <param index="2">
              <value>
                <![CDATA[Rahul Singh]]>
              </value>
            </param>
            <param index="3">
              <value>
                <![CDATA[RahulSingh]]>
              </value>
            </param>
          </params>
          <reporter-output>
          </reporter-output>
        </test-method> <!-- validateDataProvider -->
        <test-method is-config="true" signature="AmazonReview()[pri:0, instance:com.org.tests.AmazonReviewTest@6a6afff2]" started-at="2021-06-23T06:37:31Z" name="AmazonReview" finished-at="2021-06-23T06:37:31Z" duration-ms="3" status="PASS">
          <reporter-output>
          </reporter-output>
        </test-method> <!-- AmazonReview -->
        <test-method signature="validateAddReviewWithImage(java.lang.String)[pri:4, instance:com.org.tests.AmazonReviewTest@6a6afff2]" started-at="2021-06-23T06:37:31Z" name="validateAddReviewWithImage" finished-at="2021-06-23T06:37:42Z" duration-ms="11790" status="PASS">
          <params>
            <param index="0">
              <value>
                <![CDATA[https://www.amazon.in/review/create-review/?asin=B07YDFQ5D5&channel=unknownChannel-thankyou&ref_=ryp_hz_thnk_l_23]]>
              </value>
            </param>
          </params>
          <reporter-output>
          </reporter-output>
        </test-method> <!-- validateAddReviewWithImage -->
        <test-method is-config="true" signature="AmazonReview()[pri:0, instance:com.org.tests.AmazonReviewTest@6a6afff2]" started-at="2021-06-23T06:37:42Z" name="AmazonReview" finished-at="2021-06-23T06:37:42Z" duration-ms="2" status="PASS">
          <reporter-output>
          </reporter-output>
        </test-method> <!-- AmazonReview -->
        <test-method signature="validateAddReviewWithUnwantedImage(java.lang.String)[pri:5, instance:com.org.tests.AmazonReviewTest@6a6afff2]" started-at="2021-06-23T06:37:42Z" name="validateAddReviewWithUnwantedImage" finished-at="2021-06-23T06:37:54Z" duration-ms="11854" status="PASS">
          <params>
            <param index="0">
              <value>
                <![CDATA[https://www.amazon.in/review/create-review/?asin=B07YDFQ5D5&channel=unknownChannel-thankyou&ref_=ryp_hz_thnk_l_23]]>
              </value>
            </param>
          </params>
          <reporter-output>
          </reporter-output>
        </test-method> <!-- validateAddReviewWithUnwantedImage -->
        <test-method is-config="true" signature="AmazonReview()[pri:0, instance:com.org.tests.AmazonReviewTest@6a6afff2]" started-at="2021-06-23T06:37:54Z" name="AmazonReview" finished-at="2021-06-23T06:37:54Z" duration-ms="2" status="PASS">
          <reporter-output>
          </reporter-output>
        </test-method> <!-- AmazonReview -->
        <test-method signature="validatesortingReview()[pri:6, instance:com.org.tests.AmazonReviewTest@6a6afff2]" started-at="2021-06-23T06:37:54Z" name="validatesortingReview" finished-at="2021-06-23T06:38:01Z" duration-ms="6665" status="PASS">
          <reporter-output>
          </reporter-output>
        </test-method> <!-- validatesortingReview -->
        <test-method is-config="true" signature="AmazonReview()[pri:0, instance:com.org.tests.AmazonReviewTest@6a6afff2]" started-at="2021-06-23T06:38:01Z" name="AmazonReview" finished-at="2021-06-23T06:38:01Z" duration-ms="5" status="PASS">
          <reporter-output>
          </reporter-output>
        </test-method> <!-- AmazonReview -->
        <test-method signature="validateStoreReviewData()[pri:7, instance:com.org.tests.AmazonReviewTest@6a6afff2]" started-at="2021-06-23T06:38:01Z" name="validateStoreReviewData" finished-at="2021-06-23T06:38:02Z" duration-ms="1376" status="PASS">
          <reporter-output>
          </reporter-output>
        </test-method> <!-- validateStoreReviewData -->
        <test-method is-config="true" signature="tearDown()[pri:0, instance:com.org.tests.AmazonReviewTest@6a6afff2]" started-at="2021-06-23T06:38:02Z" name="tearDown" finished-at="2021-06-23T06:38:03Z" duration-ms="302" status="PASS">
          <reporter-output>
          </reporter-output>
        </test-method> <!-- tearDown -->
        <test-method is-config="true" signature="saveExtentReport()[pri:0, instance:com.org.tests.AmazonReviewTest@6a6afff2]" started-at="2021-06-23T06:38:03Z" name="saveExtentReport" finished-at="2021-06-23T06:38:03Z" duration-ms="657" status="PASS">
          <reporter-output>
          </reporter-output>
        </test-method> <!-- saveExtentReport -->
      </class> <!-- com.org.tests.AmazonReviewTest -->
    </test> <!-- Test -->
  </suite> <!-- Suite -->
</testng-results>
