<?xml version="1.0" encoding="UTF-8"?>
<testng-results ignored="0" total="6" passed="6" failed="0" skipped="0">
  <reporter-output>
  </reporter-output>
  <suite started-at="2021-06-22T09:03:29Z" name="Suite" finished-at="2021-06-22T09:04:23Z" duration-ms="53745">
    <groups>
    </groups>
    <test started-at="2021-06-22T09:03:29Z" name="Test" finished-at="2021-06-22T09:04:23Z" duration-ms="53745">
      <class name="com.org.tests.AmazonReviewTest">
        <test-method is-config="true" signature="generateExtentReport()[pri:0, instance:com.org.tests.AmazonReviewTest@6a6afff2]" started-at="2021-06-22T09:03:29Z" name="generateExtentReport" finished-at="2021-06-22T09:03:29Z" duration-ms="557" status="PASS">
          <reporter-output>
          </reporter-output>
        </test-method> <!-- generateExtentReport -->
        <test-method is-config="true" signature="setUp(java.lang.String)[pri:0, instance:com.org.tests.AmazonReviewTest@6a6afff2]" started-at="2021-06-22T09:03:29Z" name="setUp" finished-at="2021-06-22T09:03:37Z" duration-ms="8049" status="PASS">
          <params>
            <param index="0">
              <value>
                <![CDATA[https://www.amazon.in/ref=nav_logo]]>
              </value>
            </param>
          </params>
          <reporter-output>
          </reporter-output>
        </test-method> <!-- setUp -->
        <test-method is-config="true" signature="AmazonReview()[pri:0, instance:com.org.tests.AmazonReviewTest@6a6afff2]" started-at="2021-06-22T09:03:37Z" name="AmazonReview" finished-at="2021-06-22T09:03:38Z" duration-ms="146" status="PASS">
          <reporter-output>
          </reporter-output>
        </test-method> <!-- AmazonReview -->
        <test-method signature="validateEditReview(java.lang.String)[pri:2, instance:com.org.tests.AmazonReviewTest@6a6afff2]" started-at="2021-06-22T09:03:38Z" name="validateEditReview" finished-at="2021-06-22T09:03:48Z" duration-ms="10096" status="PASS">
          <params>
            <param index="0">
              <value>
                <![CDATA[https://www.amazon.in/review/create-review/?asin=B07YDFQ5D5&channel=unknownChannel-thankyou&ref_=ryp_hz_thnk_l_23]]>
              </value>
            </param>
          </params>
          <reporter-output>
          </reporter-output>
        </test-method> <!-- validateEditReview -->
        <test-method is-config="true" signature="AmazonReview()[pri:0, instance:com.org.tests.AmazonReviewTest@6a6afff2]" started-at="2021-06-22T09:03:49Z" name="AmazonReview" finished-at="2021-06-22T09:03:49Z" duration-ms="2" status="PASS">
          <reporter-output>
          </reporter-output>
        </test-method> <!-- AmazonReview -->
        <test-method signature="validateDataProvider(java.lang.String, java.lang.String, java.lang.String, java.lang.String)[pri:3, instance:com.org.tests.AmazonReviewTest@6a6afff2]" started-at="2021-06-22T09:03:49Z" name="validateDataProvider" data-provider="excel-data" finished-at="2021-06-22T09:03:52Z" duration-ms="2789" status="PASS">
          <params>
            <param index="0">
              <value>
                <![CDATA[rahul1]]>
              </value>
            </param>
            <param index="1">
              <value>
                <![CDATA[singh1]]>
              </value>
            </param>
            <param index="2">
              <value>
                <![CDATA[Rahul Singh]]>
              </value>
            </param>
            <param index="3">
              <value>
                <![CDATA[RahulSingh]]>
              </value>
            </param>
          </params>
          <reporter-output>
          </reporter-output>
        </test-method> <!-- validateDataProvider -->
        <test-method is-config="true" signature="AmazonReview()[pri:0, instance:com.org.tests.AmazonReviewTest@6a6afff2]" started-at="2021-06-22T09:03:52Z" name="AmazonReview" finished-at="2021-06-22T09:03:52Z" duration-ms="3" status="PASS">
          <reporter-output>
          </reporter-output>
        </test-method> <!-- AmazonReview -->
        <test-method signature="validateAddReviewWithImage(java.lang.String)[pri:4, instance:com.org.tests.AmazonReviewTest@6a6afff2]" started-at="2021-06-22T09:03:52Z" name="validateAddReviewWithImage" finished-at="2021-06-22T09:04:03Z" duration-ms="11170" status="PASS">
          <params>
            <param index="0">
              <value>
                <![CDATA[https://www.amazon.in/review/create-review/?asin=B07YDFQ5D5&channel=unknownChannel-thankyou&ref_=ryp_hz_thnk_l_23]]>
              </value>
            </param>
          </params>
          <reporter-output>
          </reporter-output>
        </test-method> <!-- validateAddReviewWithImage -->
        <test-method is-config="true" signature="AmazonReview()[pri:0, instance:com.org.tests.AmazonReviewTest@6a6afff2]" started-at="2021-06-22T09:04:03Z" name="AmazonReview" finished-at="2021-06-22T09:04:03Z" duration-ms="4" status="PASS">
          <reporter-output>
          </reporter-output>
        </test-method> <!-- AmazonReview -->
        <test-method signature="validateAddReviewWithUnwantedImage(java.lang.String)[pri:5, instance:com.org.tests.AmazonReviewTest@6a6afff2]" started-at="2021-06-22T09:04:03Z" name="validateAddReviewWithUnwantedImage" finished-at="2021-06-22T09:04:15Z" duration-ms="11646" status="PASS">
          <params>
            <param index="0">
              <value>
                <![CDATA[https://www.amazon.in/review/create-review/?asin=B07YDFQ5D5&channel=unknownChannel-thankyou&ref_=ryp_hz_thnk_l_23]]>
              </value>
            </param>
          </params>
          <reporter-output>
          </reporter-output>
        </test-method> <!-- validateAddReviewWithUnwantedImage -->
        <test-method is-config="true" signature="AmazonReview()[pri:0, instance:com.org.tests.AmazonReviewTest@6a6afff2]" started-at="2021-06-22T09:04:15Z" name="AmazonReview" finished-at="2021-06-22T09:04:15Z" duration-ms="2" status="PASS">
          <reporter-output>
          </reporter-output>
        </test-method> <!-- AmazonReview -->
        <test-method signature="validatesortingReview()[pri:6, instance:com.org.tests.AmazonReviewTest@6a6afff2]" started-at="2021-06-22T09:04:15Z" name="validatesortingReview" finished-at="2021-06-22T09:04:21Z" duration-ms="6489" status="PASS">
          <reporter-output>
          </reporter-output>
        </test-method> <!-- validatesortingReview -->
        <test-method is-config="true" signature="AmazonReview()[pri:0, instance:com.org.tests.AmazonReviewTest@6a6afff2]" started-at="2021-06-22T09:04:21Z" name="AmazonReview" finished-at="2021-06-22T09:04:21Z" duration-ms="2" status="PASS">
          <reporter-output>
          </reporter-output>
        </test-method> <!-- AmazonReview -->
        <test-method signature="validateStoreReviewData()[pri:7, instance:com.org.tests.AmazonReviewTest@6a6afff2]" started-at="2021-06-22T09:04:21Z" name="validateStoreReviewData" finished-at="2021-06-22T09:04:23Z" duration-ms="1506" status="PASS">
          <reporter-output>
          </reporter-output>
        </test-method> <!-- validateStoreReviewData -->
        <test-method is-config="true" signature="tearDown()[pri:0, instance:com.org.tests.AmazonReviewTest@6a6afff2]" started-at="2021-06-22T09:04:23Z" name="tearDown" finished-at="2021-06-22T09:04:23Z" duration-ms="232" status="PASS">
          <reporter-output>
          </reporter-output>
        </test-method> <!-- tearDown -->
        <test-method is-config="true" signature="saveExtentReport()[pri:0, instance:com.org.tests.AmazonReviewTest@6a6afff2]" started-at="2021-06-22T09:04:23Z" name="saveExtentReport" finished-at="2021-06-22T09:04:24Z" duration-ms="584" status="PASS">
          <reporter-output>
          </reporter-output>
        </test-method> <!-- saveExtentReport -->
      </class> <!-- com.org.tests.AmazonReviewTest -->
    </test> <!-- Test -->
  </suite> <!-- Suite -->
</testng-results>
